[0.583s] Invoking command in '/home/bigmist/Documents/GitHub/turtle_n_fly/build/turtle_n_fly': PYTHONPATH=/home/bigmist/Documents/GitHub/turtle_n_fly/build/turtle_n_fly/prefix_override:/usr/lib/python3/dist-packages/colcon_core/task/python/colcon_distutils_commands:/home/bigmist/Documents/GitHub/turtle_n_fly/install/turtle_n_fly/lib/python3.10/site-packages:${PYTHONPATH} /usr/bin/python3 -W ignore:setup.py install is deprecated -W ignore:easy_install command is deprecated setup.py develop --editable --build-directory /home/bigmist/Documents/GitHub/turtle_n_fly/build/turtle_n_fly/build --no-deps symlink_data
[0.827s] running develop
[1.014s] running egg_info
[1.014s] creating turtle_n_fly.egg-info
[1.014s] writing turtle_n_fly.egg-info/PKG-INFO
[1.014s] writing dependency_links to turtle_n_fly.egg-info/dependency_links.txt
[1.014s] writing entry points to turtle_n_fly.egg-info/entry_points.txt
[1.014s] writing requirements to turtle_n_fly.egg-info/requires.txt
[1.014s] writing top-level names to turtle_n_fly.egg-info/top_level.txt
[1.014s] writing manifest file 'turtle_n_fly.egg-info/SOURCES.txt'
[1.016s] reading manifest file 'turtle_n_fly.egg-info/SOURCES.txt'
[1.016s] writing manifest file 'turtle_n_fly.egg-info/SOURCES.txt'
[1.018s] running build_ext
[1.018s] Creating /home/bigmist/Documents/GitHub/turtle_n_fly/install/turtle_n_fly/lib/python3.10/site-packages/turtle-n-fly.egg-link (link to .)
[1.018s] Installing drone_controller script to /home/bigmist/Documents/GitHub/turtle_n_fly/install/turtle_n_fly/lib/turtle_n_fly
[1.019s] Installing mavic_node script to /home/bigmist/Documents/GitHub/turtle_n_fly/install/turtle_n_fly/lib/turtle_n_fly
[1.019s] Installing turtle_node script to /home/bigmist/Documents/GitHub/turtle_n_fly/install/turtle_n_fly/lib/turtle_n_fly
[1.019s] 
[1.019s] Installed /home/bigmist/Documents/GitHub/turtle_n_fly/build/turtle_n_fly
[1.019s] running symlink_data
[1.019s] symbolically linking /home/bigmist/Documents/GitHub/turtle_n_fly/build/turtle_n_fly/package.xml -> /home/bigmist/Documents/GitHub/turtle_n_fly/install/turtle_n_fly/share/turtle_n_fly
[1.019s] creating /home/bigmist/Documents/GitHub/turtle_n_fly/install/turtle_n_fly/share/turtle_n_fly/launch
[1.019s] symbolically linking /home/bigmist/Documents/GitHub/turtle_n_fly/build/turtle_n_fly/launch/turtle_test.launch.py -> /home/bigmist/Documents/GitHub/turtle_n_fly/install/turtle_n_fly/share/turtle_n_fly/launch
[1.019s] symbolically linking /home/bigmist/Documents/GitHub/turtle_n_fly/build/turtle_n_fly/launch/turtle_n_fly.launch.py -> /home/bigmist/Documents/GitHub/turtle_n_fly/install/turtle_n_fly/share/turtle_n_fly/launch
[1.019s] symbolically linking /home/bigmist/Documents/GitHub/turtle_n_fly/build/turtle_n_fly/launch/mavic_test.launch.py -> /home/bigmist/Documents/GitHub/turtle_n_fly/install/turtle_n_fly/share/turtle_n_fly/launch
[1.019s] creating /home/bigmist/Documents/GitHub/turtle_n_fly/install/turtle_n_fly/share/turtle_n_fly/worlds
[1.020s] symbolically linking /home/bigmist/Documents/GitHub/turtle_n_fly/build/turtle_n_fly/worlds/turtle_empty.wbt -> /home/bigmist/Documents/GitHub/turtle_n_fly/install/turtle_n_fly/share/turtle_n_fly/worlds
[1.020s] symbolically linking /home/bigmist/Documents/GitHub/turtle_n_fly/build/turtle_n_fly/worlds/empty.wbt -> /home/bigmist/Documents/GitHub/turtle_n_fly/install/turtle_n_fly/share/turtle_n_fly/worlds
[1.020s] symbolically linking /home/bigmist/Documents/GitHub/turtle_n_fly/build/turtle_n_fly/worlds/mavic_empty.wbt -> /home/bigmist/Documents/GitHub/turtle_n_fly/install/turtle_n_fly/share/turtle_n_fly/worlds
[1.020s] symbolically linking /home/bigmist/Documents/GitHub/turtle_n_fly/build/turtle_n_fly/worlds/testworld.wbt -> /home/bigmist/Documents/GitHub/turtle_n_fly/install/turtle_n_fly/share/turtle_n_fly/worlds
[1.020s] creating /home/bigmist/Documents/GitHub/turtle_n_fly/install/turtle_n_fly/share/turtle_n_fly/resource
[1.020s] symbolically linking /home/bigmist/Documents/GitHub/turtle_n_fly/build/turtle_n_fly/resource/mavic_webots.urdf -> /home/bigmist/Documents/GitHub/turtle_n_fly/install/turtle_n_fly/share/turtle_n_fly/resource
[1.020s] symbolically linking /home/bigmist/Documents/GitHub/turtle_n_fly/build/turtle_n_fly/resource/turtlebot_webots.urdf -> /home/bigmist/Documents/GitHub/turtle_n_fly/install/turtle_n_fly/share/turtle_n_fly/resource
[1.020s] symbolically linking /home/bigmist/Documents/GitHub/turtle_n_fly/build/turtle_n_fly/resource/turtle_n_fly -> /home/bigmist/Documents/GitHub/turtle_n_fly/install/turtle_n_fly/share/turtle_n_fly/resource
[1.040s] Invoked command in '/home/bigmist/Documents/GitHub/turtle_n_fly/build/turtle_n_fly' returned '0': PYTHONPATH=/home/bigmist/Documents/GitHub/turtle_n_fly/build/turtle_n_fly/prefix_override:/usr/lib/python3/dist-packages/colcon_core/task/python/colcon_distutils_commands:/home/bigmist/Documents/GitHub/turtle_n_fly/install/turtle_n_fly/lib/python3.10/site-packages:${PYTHONPATH} /usr/bin/python3 -W ignore:setup.py install is deprecated -W ignore:easy_install command is deprecated setup.py develop --editable --build-directory /home/bigmist/Documents/GitHub/turtle_n_fly/build/turtle_n_fly/build --no-deps symlink_data
