[0.578s] Invoking command in '/home/bigmist/Documents/GitHub/turtle_n_fly/build/turtle_n_fly': PYTHONPATH=/home/bigmist/Documents/GitHub/turtle_n_fly/build/turtle_n_fly/prefix_override:/usr/lib/python3/dist-packages/colcon_core/task/python/colcon_distutils_commands:/home/bigmist/Documents/GitHub/turtle_n_fly/install/turtle_n_fly/lib/python3.10/site-packages:${PYTHONPATH} /usr/bin/python3 -W ignore:setup.py install is deprecated -W ignore:easy_install command is deprecated setup.py develop --editable --build-directory /home/bigmist/Documents/GitHub/turtle_n_fly/build/turtle_n_fly/build --no-deps symlink_data
[0.822s] running develop
[0.982s] running egg_info
[0.982s] writing turtle_n_fly.egg-info/PKG-INFO
[0.982s] writing dependency_links to turtle_n_fly.egg-info/dependency_links.txt
[0.983s] writing entry points to turtle_n_fly.egg-info/entry_points.txt
[0.983s] writing requirements to turtle_n_fly.egg-info/requires.txt
[0.983s] writing top-level names to turtle_n_fly.egg-info/top_level.txt
[0.984s] reading manifest file 'turtle_n_fly.egg-info/SOURCES.txt'
[0.985s] writing manifest file 'turtle_n_fly.egg-info/SOURCES.txt'
[0.986s] running build_ext
[0.987s] Creating /home/bigmist/Documents/GitHub/turtle_n_fly/install/turtle_n_fly/lib/python3.10/site-packages/turtle-n-fly.egg-link (link to .)
[0.987s] Installing drone_controller script to /home/bigmist/Documents/GitHub/turtle_n_fly/install/turtle_n_fly/lib/turtle_n_fly
[0.987s] Installing mavic_node script to /home/bigmist/Documents/GitHub/turtle_n_fly/install/turtle_n_fly/lib/turtle_n_fly
[0.987s] Installing turtle_node script to /home/bigmist/Documents/GitHub/turtle_n_fly/install/turtle_n_fly/lib/turtle_n_fly
[0.988s] 
[0.988s] Installed /home/bigmist/Documents/GitHub/turtle_n_fly/build/turtle_n_fly
[0.988s] running symlink_data
[0.988s] symbolically linking /home/bigmist/Documents/GitHub/turtle_n_fly/build/turtle_n_fly/resource/ros2control.yml -> /home/bigmist/Documents/GitHub/turtle_n_fly/install/turtle_n_fly/share/turtle_n_fly/resource
[0.988s] symbolically linking /home/bigmist/Documents/GitHub/turtle_n_fly/build/turtle_n_fly/resource/nav2_params.yaml -> /home/bigmist/Documents/GitHub/turtle_n_fly/install/turtle_n_fly/share/turtle_n_fly/resource
[1.008s] Invoked command in '/home/bigmist/Documents/GitHub/turtle_n_fly/build/turtle_n_fly' returned '0': PYTHONPATH=/home/bigmist/Documents/GitHub/turtle_n_fly/build/turtle_n_fly/prefix_override:/usr/lib/python3/dist-packages/colcon_core/task/python/colcon_distutils_commands:/home/bigmist/Documents/GitHub/turtle_n_fly/install/turtle_n_fly/lib/python3.10/site-packages:${PYTHONPATH} /usr/bin/python3 -W ignore:setup.py install is deprecated -W ignore:easy_install command is deprecated setup.py develop --editable --build-directory /home/bigmist/Documents/GitHub/turtle_n_fly/build/turtle_n_fly/build --no-deps symlink_data
