[0.101s] DEBUG:colcon:Command line arguments: ['/usr/bin/colcon', 'build', '--symlink-install']
[0.101s] DEBUG:colcon:Parsed command line arguments: Namespace(log_base=None, log_level=None, verb_name='build', build_base='build', install_base='install', merge_install=False, symlink_install=True, test_result_base=None, continue_on_error=False, executor='parallel', parallel_workers=6, event_handlers=None, ignore_user_meta=False, metas=['./colcon.meta'], base_paths=['.'], packages_ignore=None, packages_ignore_regex=None, paths=None, packages_up_to=None, packages_up_to_regex=None, packages_above=None, packages_above_and_dependencies=None, packages_above_depth=None, packages_select_by_dep=None, packages_skip_by_dep=None, packages_skip_up_to=None, packages_select_build_failed=False, packages_skip_build_finished=False, packages_select_test_failures=False, packages_skip_test_passed=False, packages_select=None, packages_skip=None, packages_select_regex=None, packages_skip_regex=None, packages_start=None, packages_end=None, allow_overriding=[], cmake_args=None, cmake_target=None, cmake_target_skip_unavailable=False, cmake_clean_cache=False, cmake_clean_first=False, cmake_force_configure=False, ament_cmake_args=None, catkin_cmake_args=None, catkin_skip_building_tests=False, mixin_files=None, mixin=None, verb_parser=<colcon_mixin.mixin.mixin_argument.MixinArgumentDecorator object at 0x7e1308132e60>, verb_extension=<colcon_core.verb.build.BuildVerb object at 0x7e130828fd60>, main=<bound method BuildVerb.main of <colcon_core.verb.build.BuildVerb object at 0x7e130828fd60>>, mixin_verb=('build',))
[0.257s] Level 1:colcon.colcon_core.package_discovery:discover_packages(colcon_meta) check parameters
[0.257s] Level 1:colcon.colcon_core.package_discovery:discover_packages(recursive) check parameters
[0.257s] Level 1:colcon.colcon_core.package_discovery:discover_packages(ignore) check parameters
[0.257s] Level 1:colcon.colcon_core.package_discovery:discover_packages(path) check parameters
[0.258s] Level 1:colcon.colcon_core.package_discovery:discover_packages(colcon_meta) discover
[0.258s] Level 1:colcon.colcon_core.package_discovery:discover_packages(recursive) discover
[0.258s] INFO:colcon.colcon_core.package_discovery:Crawling recursively for packages in '/home/bigmist/Documents/GitHub/turtle_n_fly'
[0.258s] Level 1:colcon.colcon_core.package_identification:_identify(.) by extensions ['ignore', 'ignore_ament_install']
[0.258s] Level 1:colcon.colcon_core.package_identification:_identify(.) by extension 'ignore'
[0.258s] Level 1:colcon.colcon_core.package_identification:_identify(.) by extension 'ignore_ament_install'
[0.258s] Level 1:colcon.colcon_core.package_identification:_identify(.) by extensions ['colcon_pkg']
[0.258s] Level 1:colcon.colcon_core.package_identification:_identify(.) by extension 'colcon_pkg'
[0.258s] Level 1:colcon.colcon_core.package_identification:_identify(.) by extensions ['colcon_meta']
[0.258s] Level 1:colcon.colcon_core.package_identification:_identify(.) by extension 'colcon_meta'
[0.258s] Level 1:colcon.colcon_core.package_identification:_identify(.) by extensions ['ros']
[0.258s] Level 1:colcon.colcon_core.package_identification:_identify(.) by extension 'ros'
[0.269s] DEBUG:colcon.colcon_core.package_identification:Package '.' with type 'ros.ament_python' and name 'turtle_n_fly'
[0.269s] Level 1:colcon.colcon_core.package_discovery:discover_packages(recursive) using defaults
[0.269s] Level 1:colcon.colcon_core.package_discovery:discover_packages(ignore) discover
[0.269s] Level 1:colcon.colcon_core.package_discovery:discover_packages(ignore) using defaults
[0.269s] Level 1:colcon.colcon_core.package_discovery:discover_packages(path) discover
[0.269s] Level 1:colcon.colcon_core.package_discovery:discover_packages(path) using defaults
[0.294s] Level 1:colcon.colcon_core.package_discovery:discover_packages(prefix_path) check parameters
[0.294s] Level 1:colcon.colcon_core.package_discovery:discover_packages(prefix_path) discover
[0.296s] DEBUG:colcon.colcon_installed_package_information.package_discovery:Found 1 installed packages in /home/bigmist/Desktop/ros2_webots/src/turtle_n_fly/install
[0.296s] DEBUG:colcon.colcon_installed_package_information.package_discovery:Found 15 installed packages in /home/bigmist/Desktop/ros2_webots/install
[0.297s] DEBUG:colcon.colcon_installed_package_information.package_discovery:Found 3 installed packages in /home/bigmist/Desktop/turtle_n_fly_ws/Test/install
[0.297s] DEBUG:colcon.colcon_installed_package_information.package_discovery:Found 4 installed packages in /home/bigmist/Desktop/turtle_n_fly_ws/install
[0.299s] DEBUG:colcon.colcon_installed_package_information.package_discovery:Found 389 installed packages in /opt/ros/humble
[0.300s] Level 1:colcon.colcon_core.package_discovery:discover_packages(prefix_path) using defaults
[0.341s] Level 5:colcon.colcon_core.verb:set package 'turtle_n_fly' build argument 'cmake_args' from command line to 'None'
[0.341s] Level 5:colcon.colcon_core.verb:set package 'turtle_n_fly' build argument 'cmake_target' from command line to 'None'
[0.341s] Level 5:colcon.colcon_core.verb:set package 'turtle_n_fly' build argument 'cmake_target_skip_unavailable' from command line to 'False'
[0.341s] Level 5:colcon.colcon_core.verb:set package 'turtle_n_fly' build argument 'cmake_clean_cache' from command line to 'False'
[0.341s] Level 5:colcon.colcon_core.verb:set package 'turtle_n_fly' build argument 'cmake_clean_first' from command line to 'False'
[0.341s] Level 5:colcon.colcon_core.verb:set package 'turtle_n_fly' build argument 'cmake_force_configure' from command line to 'False'
[0.341s] Level 5:colcon.colcon_core.verb:set package 'turtle_n_fly' build argument 'ament_cmake_args' from command line to 'None'
[0.341s] Level 5:colcon.colcon_core.verb:set package 'turtle_n_fly' build argument 'catkin_cmake_args' from command line to 'None'
[0.341s] Level 5:colcon.colcon_core.verb:set package 'turtle_n_fly' build argument 'catkin_skip_building_tests' from command line to 'False'
[0.341s] DEBUG:colcon.colcon_core.verb:Building package 'turtle_n_fly' with the following arguments: {'ament_cmake_args': None, 'build_base': '/home/bigmist/Documents/GitHub/turtle_n_fly/build/turtle_n_fly', 'catkin_cmake_args': None, 'catkin_skip_building_tests': False, 'cmake_args': None, 'cmake_clean_cache': False, 'cmake_clean_first': False, 'cmake_force_configure': False, 'cmake_target': None, 'cmake_target_skip_unavailable': False, 'install_base': '/home/bigmist/Documents/GitHub/turtle_n_fly/install/turtle_n_fly', 'merge_install': False, 'path': '/home/bigmist/Documents/GitHub/turtle_n_fly', 'symlink_install': True, 'test_result_base': None}
[0.341s] INFO:colcon.colcon_core.executor:Executing jobs using 'parallel' executor
[0.342s] DEBUG:colcon.colcon_parallel_executor.executor.parallel:run_until_complete
[0.342s] INFO:colcon.colcon_ros.task.ament_python.build:Building ROS package in '/home/bigmist/Documents/GitHub/turtle_n_fly' with build type 'ament_python'
[0.342s] Level 1:colcon.colcon_core.shell:create_environment_hook('turtle_n_fly', 'ament_prefix_path')
[0.344s] INFO:colcon.colcon_core.plugin_system:Skipping extension 'colcon_core.shell.bat': Not used on non-Windows systems
[0.344s] INFO:colcon.colcon_core.shell:Creating environment hook '/home/bigmist/Documents/GitHub/turtle_n_fly/install/turtle_n_fly/share/turtle_n_fly/hook/ament_prefix_path.ps1'
[0.344s] INFO:colcon.colcon_core.shell:Creating environment descriptor '/home/bigmist/Documents/GitHub/turtle_n_fly/install/turtle_n_fly/share/turtle_n_fly/hook/ament_prefix_path.dsv'
[0.345s] INFO:colcon.colcon_core.shell:Creating environment hook '/home/bigmist/Documents/GitHub/turtle_n_fly/install/turtle_n_fly/share/turtle_n_fly/hook/ament_prefix_path.sh'
[0.345s] INFO:colcon.colcon_core.shell:Skip shell extension 'powershell' for command environment: Not usable outside of PowerShell
[0.345s] DEBUG:colcon.colcon_core.shell:Skip shell extension 'dsv' for command environment
[0.590s] WARNING:colcon.colcon_ros.task.ament_python.build:Package 'turtle_n_fly' doesn't explicitly install a marker in the package index (colcon-ros currently does it implicitly but that fallback will be removed in the future)
[0.590s] INFO:colcon.colcon_core.task.python.build:Building Python package in '/home/bigmist/Documents/GitHub/turtle_n_fly'
[0.590s] INFO:colcon.colcon_core.shell:Skip shell extension 'powershell' for command environment: Not usable outside of PowerShell
[0.590s] DEBUG:colcon.colcon_core.shell:Skip shell extension 'dsv' for command environment
[0.918s] DEBUG:colcon.colcon_core.event_handler.log_command:Invoking command in '/home/bigmist/Documents/GitHub/turtle_n_fly/build/turtle_n_fly': PYTHONPATH=/home/bigmist/Documents/GitHub/turtle_n_fly/build/turtle_n_fly/prefix_override:/usr/lib/python3/dist-packages/colcon_core/task/python/colcon_distutils_commands:/home/bigmist/Documents/GitHub/turtle_n_fly/install/turtle_n_fly/lib/python3.10/site-packages:${PYTHONPATH} /usr/bin/python3 -W ignore:setup.py install is deprecated -W ignore:easy_install command is deprecated setup.py develop --editable --build-directory /home/bigmist/Documents/GitHub/turtle_n_fly/build/turtle_n_fly/build --no-deps symlink_data
[1.354s] Level 1:colcon.colcon_core.shell:create_environment_hook('turtle_n_fly', 'pythonpath_develop')
[1.355s] INFO:colcon.colcon_core.shell:Creating environment hook '/home/bigmist/Documents/GitHub/turtle_n_fly/build/turtle_n_fly/share/turtle_n_fly/hook/pythonpath_develop.ps1'
[1.355s] DEBUG:colcon.colcon_core.event_handler.log_command:Invoked command in '/home/bigmist/Documents/GitHub/turtle_n_fly/build/turtle_n_fly' returned '0': PYTHONPATH=/home/bigmist/Documents/GitHub/turtle_n_fly/build/turtle_n_fly/prefix_override:/usr/lib/python3/dist-packages/colcon_core/task/python/colcon_distutils_commands:/home/bigmist/Documents/GitHub/turtle_n_fly/install/turtle_n_fly/lib/python3.10/site-packages:${PYTHONPATH} /usr/bin/python3 -W ignore:setup.py install is deprecated -W ignore:easy_install command is deprecated setup.py develop --editable --build-directory /home/bigmist/Documents/GitHub/turtle_n_fly/build/turtle_n_fly/build --no-deps symlink_data
[1.355s] INFO:colcon.colcon_core.shell:Creating environment descriptor '/home/bigmist/Documents/GitHub/turtle_n_fly/build/turtle_n_fly/share/turtle_n_fly/hook/pythonpath_develop.dsv'
[1.355s] INFO:colcon.colcon_core.shell:Creating environment hook '/home/bigmist/Documents/GitHub/turtle_n_fly/build/turtle_n_fly/share/turtle_n_fly/hook/pythonpath_develop.sh'
[1.358s] Level 1:colcon.colcon_core.environment:checking '/home/bigmist/Documents/GitHub/turtle_n_fly/install/turtle_n_fly' for CMake module files
[1.358s] Level 1:colcon.colcon_core.environment:checking '/home/bigmist/Documents/GitHub/turtle_n_fly/install/turtle_n_fly' for CMake config files
[1.359s] Level 1:colcon.colcon_core.environment:checking '/home/bigmist/Documents/GitHub/turtle_n_fly/install/turtle_n_fly/lib'
[1.359s] Level 1:colcon.colcon_core.environment:checking '/home/bigmist/Documents/GitHub/turtle_n_fly/install/turtle_n_fly/bin'
[1.359s] Level 1:colcon.colcon_core.environment:checking '/home/bigmist/Documents/GitHub/turtle_n_fly/install/turtle_n_fly/lib/pkgconfig/turtle_n_fly.pc'
[1.359s] Level 1:colcon.colcon_core.environment:checking '/home/bigmist/Documents/GitHub/turtle_n_fly/install/turtle_n_fly/lib/python3.10/site-packages'
[1.359s] Level 1:colcon.colcon_core.shell:create_environment_hook('turtle_n_fly', 'pythonpath')
[1.359s] INFO:colcon.colcon_core.shell:Creating environment hook '/home/bigmist/Documents/GitHub/turtle_n_fly/install/turtle_n_fly/share/turtle_n_fly/hook/pythonpath.ps1'
[1.360s] INFO:colcon.colcon_core.shell:Creating environment descriptor '/home/bigmist/Documents/GitHub/turtle_n_fly/install/turtle_n_fly/share/turtle_n_fly/hook/pythonpath.dsv'
[1.360s] INFO:colcon.colcon_core.shell:Creating environment hook '/home/bigmist/Documents/GitHub/turtle_n_fly/install/turtle_n_fly/share/turtle_n_fly/hook/pythonpath.sh'
[1.360s] Level 1:colcon.colcon_core.environment:checking '/home/bigmist/Documents/GitHub/turtle_n_fly/install/turtle_n_fly/bin'
[1.360s] Level 1:colcon.colcon_core.environment:create_environment_scripts_only(turtle_n_fly)
[1.361s] INFO:colcon.colcon_core.shell:Creating package script '/home/bigmist/Documents/GitHub/turtle_n_fly/install/turtle_n_fly/share/turtle_n_fly/package.ps1'
[1.361s] INFO:colcon.colcon_core.shell:Creating package descriptor '/home/bigmist/Documents/GitHub/turtle_n_fly/install/turtle_n_fly/share/turtle_n_fly/package.dsv'
[1.362s] INFO:colcon.colcon_core.shell:Creating package script '/home/bigmist/Documents/GitHub/turtle_n_fly/install/turtle_n_fly/share/turtle_n_fly/package.sh'
[1.389s] INFO:colcon.colcon_core.shell:Creating package script '/home/bigmist/Documents/GitHub/turtle_n_fly/install/turtle_n_fly/share/turtle_n_fly/package.bash'
[1.391s] INFO:colcon.colcon_core.shell:Creating package script '/home/bigmist/Documents/GitHub/turtle_n_fly/install/turtle_n_fly/share/turtle_n_fly/package.zsh'
[1.393s] Level 1:colcon.colcon_core.environment:create_file_with_runtime_dependencies(/home/bigmist/Documents/GitHub/turtle_n_fly/install/turtle_n_fly/share/colcon-core/packages/turtle_n_fly)
[1.394s] DEBUG:colcon.colcon_parallel_executor.executor.parallel:closing loop
[1.394s] DEBUG:colcon.colcon_parallel_executor.executor.parallel:loop closed
[1.394s] DEBUG:colcon.colcon_parallel_executor.executor.parallel:run_until_complete finished with '0'
[1.394s] DEBUG:colcon.colcon_core.event_reactor:joining thread
[1.399s] INFO:colcon.colcon_core.plugin_system:Skipping extension 'colcon_notification.desktop_notification.terminal_notifier': Not used on non-Darwin systems
[1.399s] INFO:colcon.colcon_core.plugin_system:Skipping extension 'colcon_notification.desktop_notification.win32': Not used on non-Windows systems
[1.399s] INFO:colcon.colcon_notification.desktop_notification:Sending desktop notification using 'notify2'
[1.410s] DEBUG:colcon.colcon_core.event_reactor:joined thread
[1.410s] INFO:colcon.colcon_core.shell:Creating prefix script '/home/bigmist/Documents/GitHub/turtle_n_fly/install/local_setup.ps1'
[1.411s] INFO:colcon.colcon_core.shell:Creating prefix util module '/home/bigmist/Documents/GitHub/turtle_n_fly/install/_local_setup_util_ps1.py'
[1.412s] INFO:colcon.colcon_core.shell:Creating prefix chain script '/home/bigmist/Documents/GitHub/turtle_n_fly/install/setup.ps1'
[1.414s] INFO:colcon.colcon_core.shell:Creating prefix script '/home/bigmist/Documents/GitHub/turtle_n_fly/install/local_setup.sh'
[1.415s] INFO:colcon.colcon_core.shell:Creating prefix util module '/home/bigmist/Documents/GitHub/turtle_n_fly/install/_local_setup_util_sh.py'
[1.415s] INFO:colcon.colcon_core.shell:Creating prefix chain script '/home/bigmist/Documents/GitHub/turtle_n_fly/install/setup.sh'
[1.417s] INFO:colcon.colcon_core.shell:Creating prefix script '/home/bigmist/Documents/GitHub/turtle_n_fly/install/local_setup.bash'
[1.418s] INFO:colcon.colcon_core.shell:Creating prefix chain script '/home/bigmist/Documents/GitHub/turtle_n_fly/install/setup.bash'
[1.419s] INFO:colcon.colcon_core.shell:Creating prefix script '/home/bigmist/Documents/GitHub/turtle_n_fly/install/local_setup.zsh'
[1.420s] INFO:colcon.colcon_core.shell:Creating prefix chain script '/home/bigmist/Documents/GitHub/turtle_n_fly/install/setup.zsh'
